<?xml version="1.0" encoding="UTF-8"?>
<!-- Generated by org.testng.reporters.JUnitXMLReporter -->
<testsuite ignored="0" hostname="Yuvi_Shinde" failures="0" tests="9" name="Test" time="0.442" errors="0" timestamp="2022-07-28T22:04:20 PDT">
  <testcase classname="TestNG.TestNg_Group" name="TC1" time="0.055"/>
  <testcase classname="TestNG.TestNg_Group" name="TC2" time="0.011"/>
  <testcase classname="TestNG.TestNg_Group" name="TC3" time="0.014"/>
  <testcase classname="TestNG.TestNg_Group" name="TC4" time="0.007"/>
  <testcase classname="TestNG.TestNg_Group" name="TC5" time="0.016"/>
  <testcase classname="TestNG.TestNg_Group" name="TC6" time="0.011"/>
  <testcase classname="TestNG.TestNg_Group" name="TC7" time="0.023"/>
  <testcase classname="TestNG.TestNg_Group" name="TC8" time="0.01"/>
  <testcase classname="TestNG.TestNg_Group" name="TC9" time="0.008"/>
</testsuite> <!-- Test -->
