<?xml version="1.0" encoding="UTF-8"?>
<!-- Generated by org.testng.reporters.JUnitXMLReporter -->
<testsuite ignored="0" hostname="Yuvi_Shinde" failures="0" tests="3" name="Default test" time="0.365" errors="0" timestamp="2022-08-01T19:57:19 PDT">
  <testcase classname="TestNG.DataProviderAnnotation" name="display" time="0.047"/>
  <testcase classname="TestNG.DataProviderAnnotation" name="display" time="0.02"/>
  <testcase classname="TestNG.DataProviderAnnotation" name="display" time="0.021"/>
</testsuite> <!-- Default test -->
