<?xml version="1.0" encoding="UTF-8"?>
<testng-results ignored="0" total="3" passed="3" failed="0" skipped="0">
  <reporter-output>
  </reporter-output>
  <suite started-at="2022-08-01T19:57:19 PDT" name="Default suite" finished-at="2022-08-01T19:57:19 PDT" duration-ms="365">
    <groups>
    </groups>
    <test started-at="2022-08-01T19:57:19 PDT" name="Default test" finished-at="2022-08-01T19:57:19 PDT" duration-ms="365">
      <class name="TestNG.DataProviderAnnotation">
        <test-method signature="display(java.lang.String)[pri:0, instance:TestNG.DataProviderAnnotation@10e41621]" started-at="2022-08-01T19:57:19 PDT" name="display" data-provider="data-provider" finished-at="2022-08-01T19:57:19 PDT" duration-ms="47" status="PASS">
          <params>
            <param index="0">
              <value>
                <![CDATA[WBT]]>
              </value>
            </param>
          </params>
          <reporter-output>
          </reporter-output>
        </test-method> <!-- display -->
        <test-method signature="display(java.lang.String)[pri:0, instance:TestNG.DataProviderAnnotation@10e41621]" started-at="2022-08-01T19:57:19 PDT" name="display" data-provider="data-provider" finished-at="2022-08-01T19:57:19 PDT" duration-ms="20" status="PASS">
          <params>
            <param index="0">
              <value>
                <![CDATA[BBT]]>
              </value>
            </param>
          </params>
          <reporter-output>
          </reporter-output>
        </test-method> <!-- display -->
        <test-method signature="display(java.lang.String)[pri:0, instance:TestNG.DataProviderAnnotation@10e41621]" started-at="2022-08-01T19:57:19 PDT" name="display" data-provider="data-provider" finished-at="2022-08-01T19:57:19 PDT" duration-ms="21" status="PASS">
          <params>
            <param index="0">
              <value>
                <![CDATA[GBT]]>
              </value>
            </param>
          </params>
          <reporter-output>
          </reporter-output>
        </test-method> <!-- display -->
      </class> <!-- TestNG.DataProviderAnnotation -->
    </test> <!-- Default test -->
  </suite> <!-- Default suite -->
</testng-results>
